<?xml version="1.0" encoding="UTF-8"?>
<testng-results ignored="0" total="6" passed="6" failed="0" skipped="0">
  <reporter-output>
  </reporter-output>
  <suite started-at="2026-01-12T12:57:10 IST" name="Suite" finished-at="2026-01-12T12:57:30 IST" duration-ms="20876">
    <groups>
    </groups>
    <test started-at="2026-01-12T12:57:10 IST" name="edgeTest" finished-at="2026-01-12T12:57:21 IST" duration-ms="11689">
      <class name="TestClass.T001VerifyTitle">
        <test-method is-config="true" signature="Setup(java.lang.String)[pri:0, instance:TestClass.T001VerifyTitle@5d5f10b2]" started-at="2026-01-12T12:57:16 IST" name="Setup" finished-at="2026-01-12T12:57:21 IST" duration-ms="4252" status="PASS">
          <params>
            <param index="0">
              <value>
                <![CDATA[Edge]]>
              </value>
            </param>
          </params>
          <reporter-output>
          </reporter-output>
        </test-method> <!-- Setup -->
        <test-method signature="Verifytitle()[pri:0, instance:TestClass.T001VerifyTitle@5d5f10b2]" started-at="2026-01-12T12:57:21 IST" name="Verifytitle" finished-at="2026-01-12T12:57:21 IST" duration-ms="106" status="PASS">
          <reporter-output>
          </reporter-output>
        </test-method> <!-- Verifytitle -->
        <test-method is-config="true" signature="Close()[pri:0, instance:TestClass.T001VerifyTitle@5d5f10b2]" started-at="2026-01-12T12:57:21 IST" name="Close" finished-at="2026-01-12T12:57:21 IST" duration-ms="566" status="PASS">
          <reporter-output>
          </reporter-output>
        </test-method> <!-- Close -->
      </class> <!-- TestClass.T001VerifyTitle -->
      <class name="TestClass.T002Addtocart">
        <test-method is-config="true" signature="Setup(java.lang.String)[pri:0, instance:TestClass.T002Addtocart@5023bb8b]" started-at="2026-01-12T12:57:10 IST" name="Setup" finished-at="2026-01-12T12:57:14 IST" duration-ms="4830" status="PASS">
          <params>
            <param index="0">
              <value>
                <![CDATA[Edge]]>
              </value>
            </param>
          </params>
          <reporter-output>
          </reporter-output>
        </test-method> <!-- Setup -->
        <test-method signature="Verifyaddtocart()[pri:0, instance:TestClass.T002Addtocart@5023bb8b]" started-at="2026-01-12T12:57:14 IST" name="Verifyaddtocart" finished-at="2026-01-12T12:57:15 IST" duration-ms="473" status="PASS">
          <reporter-output>
          </reporter-output>
        </test-method> <!-- Verifyaddtocart -->
        <test-method is-config="true" signature="Close()[pri:0, instance:TestClass.T002Addtocart@5023bb8b]" started-at="2026-01-12T12:57:15 IST" name="Close" finished-at="2026-01-12T12:57:16 IST" duration-ms="1343" status="PASS">
          <reporter-output>
          </reporter-output>
        </test-method> <!-- Close -->
      </class> <!-- TestClass.T002Addtocart -->
    </test> <!-- edgeTest -->
    <test started-at="2026-01-12T12:57:10 IST" name="ChromeTest" finished-at="2026-01-12T12:57:21 IST" duration-ms="11676">
      <class name="TestClass.T001VerifyTitle">
        <test-method is-config="true" signature="Setup(java.lang.String)[pri:0, instance:TestClass.T001VerifyTitle@6986bbaf]" started-at="2026-01-12T12:57:16 IST" name="Setup" finished-at="2026-01-12T12:57:21 IST" duration-ms="4407" status="PASS">
          <params>
            <param index="0">
              <value>
                <![CDATA[chrome]]>
              </value>
            </param>
          </params>
          <reporter-output>
          </reporter-output>
        </test-method> <!-- Setup -->
        <test-method signature="Verifytitle()[pri:0, instance:TestClass.T001VerifyTitle@6986bbaf]" started-at="2026-01-12T12:57:21 IST" name="Verifytitle" finished-at="2026-01-12T12:57:21 IST" duration-ms="99" status="PASS">
          <reporter-output>
          </reporter-output>
        </test-method> <!-- Verifytitle -->
        <test-method is-config="true" signature="Close()[pri:0, instance:TestClass.T001VerifyTitle@6986bbaf]" started-at="2026-01-12T12:57:21 IST" name="Close" finished-at="2026-01-12T12:57:21 IST" duration-ms="479" status="PASS">
          <reporter-output>
          </reporter-output>
        </test-method> <!-- Close -->
      </class> <!-- TestClass.T001VerifyTitle -->
      <class name="TestClass.T002Addtocart">
        <test-method is-config="true" signature="Setup(java.lang.String)[pri:0, instance:TestClass.T002Addtocart@146587a2]" started-at="2026-01-12T12:57:10 IST" name="Setup" finished-at="2026-01-12T12:57:14 IST" duration-ms="4832" status="PASS">
          <params>
            <param index="0">
              <value>
                <![CDATA[chrome]]>
              </value>
            </param>
          </params>
          <reporter-output>
          </reporter-output>
        </test-method> <!-- Setup -->
        <test-method signature="Verifyaddtocart()[pri:0, instance:TestClass.T002Addtocart@146587a2]" started-at="2026-01-12T12:57:14 IST" name="Verifyaddtocart" finished-at="2026-01-12T12:57:15 IST" duration-ms="487" status="PASS">
          <reporter-output>
          </reporter-output>
        </test-method> <!-- Verifyaddtocart -->
        <test-method is-config="true" signature="Close()[pri:0, instance:TestClass.T002Addtocart@146587a2]" started-at="2026-01-12T12:57:15 IST" name="Close" finished-at="2026-01-12T12:57:16 IST" duration-ms="1246" status="PASS">
          <reporter-output>
          </reporter-output>
        </test-method> <!-- Close -->
      </class> <!-- TestClass.T002Addtocart -->
    </test> <!-- ChromeTest -->
    <test started-at="2026-01-12T12:57:10 IST" name="firefoxTest" finished-at="2026-01-12T12:57:30 IST" duration-ms="20876">
      <class name="TestClass.T001VerifyTitle">
        <test-method is-config="true" signature="Setup(java.lang.String)[pri:0, instance:TestClass.T001VerifyTitle@53bd8fca]" started-at="2026-01-12T12:57:25 IST" name="Setup" finished-at="2026-01-12T12:57:29 IST" duration-ms="4039" status="PASS">
          <params>
            <param index="0">
              <value>
                <![CDATA[firefox]]>
              </value>
            </param>
          </params>
          <reporter-output>
          </reporter-output>
        </test-method> <!-- Setup -->
        <test-method signature="Verifytitle()[pri:0, instance:TestClass.T001VerifyTitle@53bd8fca]" started-at="2026-01-12T12:57:29 IST" name="Verifytitle" finished-at="2026-01-12T12:57:29 IST" duration-ms="9" status="PASS">
          <reporter-output>
          </reporter-output>
        </test-method> <!-- Verifytitle -->
        <test-method is-config="true" signature="Close()[pri:0, instance:TestClass.T001VerifyTitle@53bd8fca]" started-at="2026-01-12T12:57:29 IST" name="Close" finished-at="2026-01-12T12:57:30 IST" duration-ms="1335" status="PASS">
          <reporter-output>
          </reporter-output>
        </test-method> <!-- Close -->
      </class> <!-- TestClass.T001VerifyTitle -->
      <class name="TestClass.T002Addtocart">
        <test-method is-config="true" signature="Setup(java.lang.String)[pri:0, instance:TestClass.T002Addtocart@1e0f9063]" started-at="2026-01-12T12:57:10 IST" name="Setup" finished-at="2026-01-12T12:57:23 IST" duration-ms="13702" status="PASS">
          <params>
            <param index="0">
              <value>
                <![CDATA[firefox]]>
              </value>
            </param>
          </params>
          <reporter-output>
          </reporter-output>
        </test-method> <!-- Setup -->
        <test-method signature="Verifyaddtocart()[pri:0, instance:TestClass.T002Addtocart@1e0f9063]" started-at="2026-01-12T12:57:23 IST" name="Verifyaddtocart" finished-at="2026-01-12T12:57:23 IST" duration-ms="246" status="PASS">
          <reporter-output>
          </reporter-output>
        </test-method> <!-- Verifyaddtocart -->
        <test-method is-config="true" signature="Close()[pri:0, instance:TestClass.T002Addtocart@1e0f9063]" started-at="2026-01-12T12:57:23 IST" name="Close" finished-at="2026-01-12T12:57:25 IST" duration-ms="1502" status="PASS">
          <reporter-output>
          </reporter-output>
        </test-method> <!-- Close -->
      </class> <!-- TestClass.T002Addtocart -->
    </test> <!-- firefoxTest -->
  </suite> <!-- Suite -->
</testng-results>
