<?xml version="1.0" encoding="UTF-8"?>
<!-- Generated by org.testng.reporters.JUnitReportReporter -->
<testsuite hostname="Amol" failures="0" tests="3" name="TestClass.T002Addtocart" time="1.206" errors="0" timestamp="2026-01-12T12:57:30 IST" skipped="0">
  <testcase classname="TestClass.T002Addtocart" name="Verifyaddtocart" time="0.246"/>
  <testcase classname="TestClass.T002Addtocart" name="Verifyaddtocart" time="0.473"/>
  <testcase classname="TestClass.T002Addtocart" name="Verifyaddtocart" time="0.487"/>
</testsuite> <!-- TestClass.T002Addtocart -->
