<?xml version="1.0" encoding="UTF-8"?>
<!-- Generated by org.testng.reporters.JUnitReportReporter -->
<testsuite hostname="Amol" failures="0" tests="3" name="TestClass.T001VerifyTitle" time="0.214" errors="0" timestamp="2026-01-12T12:57:30 IST" skipped="0">
  <testcase classname="TestClass.T001VerifyTitle" name="Verifytitle" time="0.009"/>
  <testcase classname="TestClass.T001VerifyTitle" name="Verifytitle" time="0.106"/>
  <testcase classname="TestClass.T001VerifyTitle" name="Verifytitle" time="0.099"/>
</testsuite> <!-- TestClass.T001VerifyTitle -->
